[27-Jun-2024 01:33:57 UTC] PHP Warning:  Attempt to read property "term_id" on array in C:\Users\doark.DESKTOP-6I1F2OC\Local Sites\planty\app\public\wp-content\plugins\royal-elementor-addons\includes\controls\wpr-ajax-select2\wpr-control-ajax-select2-api.php on line 137
[27-Jun-2024 01:33:57 UTC] PHP Warning:  Attempt to read property "name" on array in C:\Users\doark.DESKTOP-6I1F2OC\Local Sites\planty\app\public\wp-content\plugins\royal-elementor-addons\includes\controls\wpr-ajax-select2\wpr-control-ajax-select2-api.php on line 138
[27-Jun-2024 01:33:57 UTC] PHP Warning:  Attempt to read property "term_id" on array in C:\Users\doark.DESKTOP-6I1F2OC\Local Sites\planty\app\public\wp-content\plugins\royal-elementor-addons\includes\controls\wpr-ajax-select2\wpr-control-ajax-select2-api.php on line 137
[27-Jun-2024 01:33:57 UTC] PHP Warning:  Attempt to read property "name" on array in C:\Users\doark.DESKTOP-6I1F2OC\Local Sites\planty\app\public\wp-content\plugins\royal-elementor-addons\includes\controls\wpr-ajax-select2\wpr-control-ajax-select2-api.php on line 138
[03-Jul-2024 11:17:42 UTC] PHP Warning:  require(C:\Users\doark.DESKTOP-6I1F2OC\Local Sites\planty\app\public\wp-content\plugins\royal-elementor-addons/modules/theme-builder/wpr-theme-builder.php): Failed to open stream: No such file or directory in C:\Users\doark.DESKTOP-6I1F2OC\Local Sites\planty\app\public\wp-content\plugins\royal-elementor-addons\plugin.php on line 286
[03-Jul-2024 11:17:42 UTC] PHP Fatal error:  Uncaught Error: Failed opening required 'C:\Users\doark.DESKTOP-6I1F2OC\Local Sites\planty\app\public\wp-content\plugins\royal-elementor-addons/modules/theme-builder/wpr-theme-builder.php' (include_path='.:/usr/share/php:/www/wp-content/pear') in C:\Users\doark.DESKTOP-6I1F2OC\Local Sites\planty\app\public\wp-content\plugins\royal-elementor-addons\plugin.php:286
Stack trace:
#0 C:\Users\doark.DESKTOP-6I1F2OC\Local Sites\planty\app\public\wp-includes\class-wp-hook.php(324): WprAddons\Plugin->register_elementor_document_type(Object(Elementor\Core\Documents_Manager))
#1 C:\Users\doark.DESKTOP-6I1F2OC\Local Sites\planty\app\public\wp-includes\class-wp-hook.php(348): WP_Hook->apply_filters(NULL, Array)
#2 C:\Users\doark.DESKTOP-6I1F2OC\Local Sites\planty\app\public\wp-includes\plugin.php(517): WP_Hook->do_action(Array)
#3 C:\Users\doark.DESKTOP-6I1F2OC\Local Sites\planty\app\public\wp-content\plugins\elementor\core\documents-manager.php(728): do_action('elementor/docum...', Object(Elementor\Core\Documents_Manager))
#4 C:\Users\doark.DESKTOP-6I1F2OC\Local Sites\planty\app\public\wp-content\plugins\elementor\core\documents-manager.php(336): Elementor\Core\Documents_Manager->register_types()
#5 C:\Users\doark.DESKTOP-6I1F2OC\Local Sites\planty\app\public\wp-content\plugins\elementor\core\common\modules\finder\categories\create.php(47): Elementor\Core\Documents_Manager->get_document_types()
#6 C:\Users\doark.DESKTOP-6I1F2OC\Local Sites\planty\app\public\wp-content\plugins\elementor\core\common\modules\finder\base-category.php(93): Elementor\Core\Common\Modules\Finder\Categories\Create->get_category_items()
#7 C:\Users\doark.DESKTOP-6I1F2OC\Local Sites\planty\app\public\wp-content\plugins\elementor\core\base\base-object.php(142): Elementor\Core\Common\Modules\Finder\Base_Category->get_init_settings()
#8 C:\Users\doark.DESKTOP-6I1F2OC\Local Sites\planty\app\public\wp-content\plugins\elementor\core\base\base-object.php(40): Elementor\Core\Base\Base_Object->ensure_settings()
#9 C:\Users\doark.DESKTOP-6I1F2OC\Local Sites\planty\app\public\wp-content\plugins\elementor\core\common\modules\finder\module.php(111): Elementor\Core\Base\Base_Object->get_settings()
#10 C:\Users\doark.DESKTOP-6I1F2OC\Local Sites\planty\app\public\wp-content\plugins\elementor\core\base\base-object.php(142): Elementor\Core\Common\Modules\Finder\Module->get_init_settings()
#11 C:\Users\doark.DESKTOP-6I1F2OC\Local Sites\planty\app\public\wp-content\plugins\elementor\core\base\base-object.php(40): Elementor\Core\Base\Base_Object->ensure_settings()
#12 C:\Users\doark.DESKTOP-6I1F2OC\Local Sites\planty\app\public\wp-content\plugins\elementor\core\base\app.php(59): Elementor\Core\Base\Base_Object->get_settings()
#13 C:\Users\doark.DESKTOP-6I1F2OC\Local Sites\planty\app\public\wp-content\plugins\elementor\core\base\app.php(36): Elementor\Core\Base\App->get_components_config()
#14 C:\Users\doark.DESKTOP-6I1F2OC\Local Sites\planty\app\public\wp-content\plugins\elementor\core\common\app.php(155): Elementor\Core\Base\App->print_config()
#15 C:\Users\doark.DESKTOP-6I1F2OC\Local Sites\planty\app\public\wp-includes\class-wp-hook.php(324): Elementor\Core\Common\App->register_scripts('themes.php')
#16 C:\Users\doark.DESKTOP-6I1F2OC\Local Sites\planty\app\public\wp-includes\class-wp-hook.php(348): WP_Hook->apply_filters(NULL, Array)
#17 C:\Users\doark.DESKTOP-6I1F2OC\Local Sites\planty\app\public\wp-includes\plugin.php(517): WP_Hook->do_action(Array)
#18 C:\Users\doark.DESKTOP-6I1F2OC\Local Sites\planty\app\public\wp-admin\admin-header.php(118): do_action('admin_enqueue_s...', 'themes.php')
#19 C:\Users\doark.DESKTOP-6I1F2OC\Local Sites\planty\app\public\wp-admin\themes.php(246): require_once('C:\\Users\\doark....')
#20 {main}
  thrown in C:\Users\doark.DESKTOP-6I1F2OC\Local Sites\planty\app\public\wp-content\plugins\royal-elementor-addons\plugin.php on line 286
[09-Jul-2024 11:59:00 UTC] PHP Warning:  Undefined array key "caldera_forms_templates" in C:\Users\doark.DESKTOP-6I1F2OC\Local Sites\planty\app\public\wp-content\plugins\royal-elementor-addons\modules\forms\widgets\wpr-forms.php on line 2412
[09-Jul-2024 15:28:14 UTC] PHP Fatal error:  Uncaught Error: Call to a member function enqueue_styles() on null in C:\Users\doark.DESKTOP-6I1F2OC\Local Sites\planty\app\public\wp-content\plugins\header-footer-elementor\inc\class-header-footer-elementor.php:385
Stack trace:
#0 C:\Users\doark.DESKTOP-6I1F2OC\Local Sites\planty\app\public\wp-includes\class-wp-hook.php(324): Header_Footer_Elementor->enqueue_scripts('')
#1 C:\Users\doark.DESKTOP-6I1F2OC\Local Sites\planty\app\public\wp-includes\class-wp-hook.php(348): WP_Hook->apply_filters(NULL, Array)
#2 C:\Users\doark.DESKTOP-6I1F2OC\Local Sites\planty\app\public\wp-includes\plugin.php(517): WP_Hook->do_action(Array)
#3 C:\Users\doark.DESKTOP-6I1F2OC\Local Sites\planty\app\public\wp-includes\script-loader.php(2265): do_action('wp_enqueue_scri...')
#4 C:\Users\doark.DESKTOP-6I1F2OC\Local Sites\planty\app\public\wp-includes\class-wp-customize-manager.php(457): wp_enqueue_scripts()
#5 C:\Users\doark.DESKTOP-6I1F2OC\Local Sites\planty\app\public\wp-includes\class-wp-customize-manager.php(556): WP_Customize_Manager->wp_die(0, 'Non-existent ch...')
#6 C:\Users\doark.DESKTOP-6I1F2OC\Local Sites\planty\app\public\wp-includes\class-wp-hook.php(324): WP_Customize_Manager->setup_theme('')
#7 C:\Users\doark.DESKTOP-6I1F2OC\Local Sites\planty\app\public\wp-includes\class-wp-hook.php(348): WP_Hook->apply_filters(NULL, Array)
#8 C:\Users\doark.DESKTOP-6I1F2OC\Local Sites\planty\app\public\wp-includes\plugin.php(517): WP_Hook->do_action(Array)
#9 C:\Users\doark.DESKTOP-6I1F2OC\Local Sites\planty\app\public\wp-settings.php(625): do_action('setup_theme')
#10 C:\Users\doark.DESKTOP-6I1F2OC\Local Sites\planty\app\public\wp-config.php(103): require_once('C:\\Users\\doark....')
#11 C:\Users\doark.DESKTOP-6I1F2OC\Local Sites\planty\app\public\wp-load.php(50): require_once('C:\\Users\\doark....')
#12 C:\Users\doark.DESKTOP-6I1F2OC\Local Sites\planty\app\public\wp-blog-header.php(13): require_once('C:\\Users\\doark....')
#13 C:\Users\doark.DESKTOP-6I1F2OC\Local Sites\planty\app\public\index.php(17): require('C:\\Users\\doark....')
#14 {main}
  thrown in C:\Users\doark.DESKTOP-6I1F2OC\Local Sites\planty\app\public\wp-content\plugins\header-footer-elementor\inc\class-header-footer-elementor.php on line 385
[09-Jul-2024 15:43:27 UTC] PHP Fatal error:  Uncaught Error: Call to a member function enqueue_styles() on null in C:\Users\doark.DESKTOP-6I1F2OC\Local Sites\planty\app\public\wp-content\plugins\header-footer-elementor\inc\class-header-footer-elementor.php:385
Stack trace:
#0 C:\Users\doark.DESKTOP-6I1F2OC\Local Sites\planty\app\public\wp-includes\class-wp-hook.php(324): Header_Footer_Elementor->enqueue_scripts('')
#1 C:\Users\doark.DESKTOP-6I1F2OC\Local Sites\planty\app\public\wp-includes\class-wp-hook.php(348): WP_Hook->apply_filters(NULL, Array)
#2 C:\Users\doark.DESKTOP-6I1F2OC\Local Sites\planty\app\public\wp-includes\plugin.php(517): WP_Hook->do_action(Array)
#3 C:\Users\doark.DESKTOP-6I1F2OC\Local Sites\planty\app\public\wp-includes\script-loader.php(2265): do_action('wp_enqueue_scri...')
#4 C:\Users\doark.DESKTOP-6I1F2OC\Local Sites\planty\app\public\wp-includes\class-wp-customize-manager.php(457): wp_enqueue_scripts()
#5 C:\Users\doark.DESKTOP-6I1F2OC\Local Sites\planty\app\public\wp-includes\class-wp-customize-manager.php(556): WP_Customize_Manager->wp_die(0, 'Non-existent ch...')
#6 C:\Users\doark.DESKTOP-6I1F2OC\Local Sites\planty\app\public\wp-includes\class-wp-hook.php(324): WP_Customize_Manager->setup_theme('')
#7 C:\Users\doark.DESKTOP-6I1F2OC\Local Sites\planty\app\public\wp-includes\class-wp-hook.php(348): WP_Hook->apply_filters(NULL, Array)
#8 C:\Users\doark.DESKTOP-6I1F2OC\Local Sites\planty\app\public\wp-includes\plugin.php(517): WP_Hook->do_action(Array)
#9 C:\Users\doark.DESKTOP-6I1F2OC\Local Sites\planty\app\public\wp-settings.php(625): do_action('setup_theme')
#10 C:\Users\doark.DESKTOP-6I1F2OC\Local Sites\planty\app\public\wp-config.php(103): require_once('C:\\Users\\doark....')
#11 C:\Users\doark.DESKTOP-6I1F2OC\Local Sites\planty\app\public\wp-load.php(50): require_once('C:\\Users\\doark....')
#12 C:\Users\doark.DESKTOP-6I1F2OC\Local Sites\planty\app\public\wp-blog-header.php(13): require_once('C:\\Users\\doark....')
#13 C:\Users\doark.DESKTOP-6I1F2OC\Local Sites\planty\app\public\index.php(17): require('C:\\Users\\doark....')
#14 {main}
  thrown in C:\Users\doark.DESKTOP-6I1F2OC\Local Sites\planty\app\public\wp-content\plugins\header-footer-elementor\inc\class-header-footer-elementor.php on line 385
[18-Jul-2024 12:26:24 UTC] PHP Fatal error:  Uncaught Error: Call to a member function enqueue_styles() on null in C:\Users\doark.DESKTOP-6I1F2OC\Local Sites\planty\app\public\wp-content\plugins\header-footer-elementor\inc\class-header-footer-elementor.php:385
Stack trace:
#0 C:\Users\doark.DESKTOP-6I1F2OC\Local Sites\planty\app\public\wp-includes\class-wp-hook.php(324): Header_Footer_Elementor->enqueue_scripts('')
#1 C:\Users\doark.DESKTOP-6I1F2OC\Local Sites\planty\app\public\wp-includes\class-wp-hook.php(348): WP_Hook->apply_filters(NULL, Array)
#2 C:\Users\doark.DESKTOP-6I1F2OC\Local Sites\planty\app\public\wp-includes\plugin.php(517): WP_Hook->do_action(Array)
#3 C:\Users\doark.DESKTOP-6I1F2OC\Local Sites\planty\app\public\wp-includes\script-loader.php(2263): do_action('wp_enqueue_scri...')
#4 C:\Users\doark.DESKTOP-6I1F2OC\Local Sites\planty\app\public\wp-includes\class-wp-customize-manager.php(462): wp_enqueue_scripts()
#5 C:\Users\doark.DESKTOP-6I1F2OC\Local Sites\planty\app\public\wp-includes\class-wp-customize-manager.php(561): WP_Customize_Manager->wp_die(0, 'Non-existent ch...')
#6 C:\Users\doark.DESKTOP-6I1F2OC\Local Sites\planty\app\public\wp-includes\class-wp-hook.php(324): WP_Customize_Manager->setup_theme('')
#7 C:\Users\doark.DESKTOP-6I1F2OC\Local Sites\planty\app\public\wp-includes\class-wp-hook.php(348): WP_Hook->apply_filters(NULL, Array)
#8 C:\Users\doark.DESKTOP-6I1F2OC\Local Sites\planty\app\public\wp-includes\plugin.php(517): WP_Hook->do_action(Array)
#9 C:\Users\doark.DESKTOP-6I1F2OC\Local Sites\planty\app\public\wp-settings.php(630): do_action('setup_theme')
#10 C:\Users\doark.DESKTOP-6I1F2OC\Local Sites\planty\app\public\wp-config.php(103): require_once('C:\\Users\\doark....')
#11 C:\Users\doark.DESKTOP-6I1F2OC\Local Sites\planty\app\public\wp-load.php(50): require_once('C:\\Users\\doark....')
#12 C:\Users\doark.DESKTOP-6I1F2OC\Local Sites\planty\app\public\wp-blog-header.php(13): require_once('C:\\Users\\doark....')
#13 C:\Users\doark.DESKTOP-6I1F2OC\Local Sites\planty\app\public\index.php(17): require('C:\\Users\\doark....')
#14 {main}
  thrown in C:\Users\doark.DESKTOP-6I1F2OC\Local Sites\planty\app\public\wp-content\plugins\header-footer-elementor\inc\class-header-footer-elementor.php on line 385
[19-Jul-2024 07:26:38 UTC] PHP Fatal error:  Uncaught Error: Call to a member function enqueue_styles() on null in C:\Users\doark.DESKTOP-6I1F2OC\Local Sites\planty\app\public\wp-content\plugins\header-footer-elementor\inc\class-header-footer-elementor.php:385
Stack trace:
#0 C:\Users\doark.DESKTOP-6I1F2OC\Local Sites\planty\app\public\wp-includes\class-wp-hook.php(324): Header_Footer_Elementor->enqueue_scripts('')
#1 C:\Users\doark.DESKTOP-6I1F2OC\Local Sites\planty\app\public\wp-includes\class-wp-hook.php(348): WP_Hook->apply_filters(NULL, Array)
#2 C:\Users\doark.DESKTOP-6I1F2OC\Local Sites\planty\app\public\wp-includes\plugin.php(517): WP_Hook->do_action(Array)
#3 C:\Users\doark.DESKTOP-6I1F2OC\Local Sites\planty\app\public\wp-includes\script-loader.php(2263): do_action('wp_enqueue_scri...')
#4 C:\Users\doark.DESKTOP-6I1F2OC\Local Sites\planty\app\public\wp-includes\class-wp-customize-manager.php(462): wp_enqueue_scripts()
#5 C:\Users\doark.DESKTOP-6I1F2OC\Local Sites\planty\app\public\wp-includes\class-wp-customize-manager.php(561): WP_Customize_Manager->wp_die(0, 'Non-existent ch...')
#6 C:\Users\doark.DESKTOP-6I1F2OC\Local Sites\planty\app\public\wp-includes\class-wp-hook.php(324): WP_Customize_Manager->setup_theme('')
#7 C:\Users\doark.DESKTOP-6I1F2OC\Local Sites\planty\app\public\wp-includes\class-wp-hook.php(348): WP_Hook->apply_filters(NULL, Array)
#8 C:\Users\doark.DESKTOP-6I1F2OC\Local Sites\planty\app\public\wp-includes\plugin.php(517): WP_Hook->do_action(Array)
#9 C:\Users\doark.DESKTOP-6I1F2OC\Local Sites\planty\app\public\wp-settings.php(630): do_action('setup_theme')
#10 C:\Users\doark.DESKTOP-6I1F2OC\Local Sites\planty\app\public\wp-config.php(103): require_once('C:\\Users\\doark....')
#11 C:\Users\doark.DESKTOP-6I1F2OC\Local Sites\planty\app\public\wp-load.php(50): require_once('C:\\Users\\doark....')
#12 C:\Users\doark.DESKTOP-6I1F2OC\Local Sites\planty\app\public\wp-blog-header.php(13): require_once('C:\\Users\\doark....')
#13 C:\Users\doark.DESKTOP-6I1F2OC\Local Sites\planty\app\public\index.php(17): require('C:\\Users\\doark....')
#14 {main}
  thrown in C:\Users\doark.DESKTOP-6I1F2OC\Local Sites\planty\app\public\wp-content\plugins\header-footer-elementor\inc\class-header-footer-elementor.php on line 385
[01-Aug-2024 09:05:05 UTC] PHP Warning:  filemtime(): stat failed for C:\Users\doark.DESKTOP-6I1F2OC\Local Sites\planty\app\public/wp-content/themes/oceanwp-child/css/theme.css in C:\Users\doark.DESKTOP-6I1F2OC\Local Sites\planty\app\public\wp-content\themes\oceanwp-child\functions.php on line 22
[01-Aug-2024 09:05:14 UTC] PHP Warning:  filemtime(): stat failed for C:\Users\doark.DESKTOP-6I1F2OC\Local Sites\planty\app\public/wp-content/themes/oceanwp-child/css/theme.css in C:\Users\doark.DESKTOP-6I1F2OC\Local Sites\planty\app\public\wp-content\themes\oceanwp-child\functions.php on line 22
[02-Aug-2024 12:27:20 UTC] PHP Fatal error:  Cannot redeclare Header() in C:\Users\doark.DESKTOP-6I1F2OC\Local Sites\planty\app\public\wp-content\themes\oceanwp-child\functions.php on line 33
[02-Aug-2024 12:27:20 UTC] PHP Warning:  Trying to access array offset on value of type bool in C:\Users\doark.DESKTOP-6I1F2OC\Local Sites\planty\app\public\wp-includes\class-wp-recovery-mode-email-service.php on line 367
[02-Aug-2024 12:27:20 UTC] PHP Warning:  Trying to access array offset on value of type bool in C:\Users\doark.DESKTOP-6I1F2OC\Local Sites\planty\app\public\wp-includes\class-wp-recovery-mode-email-service.php on line 368
[09-Aug-2024 12:32:35 UTC] PHP Parse error:  syntax error, unexpected token ";" in C:\Users\doark.DESKTOP-6I1F2OC\Local Sites\planty\app\public\wp-content\themes\oceanwp-child\header.php on line 34
[09-Aug-2024 12:32:58 UTC] PHP Fatal error:  Uncaught Error: Undefined constant "planty" in C:\Users\doark.DESKTOP-6I1F2OC\Local Sites\planty\app\public\wp-content\themes\oceanwp-child\header.php:34
Stack trace:
#0 C:\Users\doark.DESKTOP-6I1F2OC\Local Sites\planty\app\public\wp-includes\template.php(810): require_once()
#1 C:\Users\doark.DESKTOP-6I1F2OC\Local Sites\planty\app\public\wp-includes\template.php(745): load_template('C:\\Users\\doark....', true, Array)
#2 C:\Users\doark.DESKTOP-6I1F2OC\Local Sites\planty\app\public\wp-includes\general-template.php(48): locate_template(Array, true, true, Array)
#3 C:\Users\doark.DESKTOP-6I1F2OC\Local Sites\planty\app\public\wp-content\themes\oceanwp\page.php(12): get_header()
#4 C:\Users\doark.DESKTOP-6I1F2OC\Local Sites\planty\app\public\wp-includes\template-loader.php(106): include('C:\\Users\\doark....')
#5 C:\Users\doark.DESKTOP-6I1F2OC\Local Sites\planty\app\public\wp-blog-header.php(19): require_once('C:\\Users\\doark....')
#6 C:\Users\doark.DESKTOP-6I1F2OC\Local Sites\planty\app\public\index.php(17): require('C:\\Users\\doark....')
#7 {main}
  thrown in C:\Users\doark.DESKTOP-6I1F2OC\Local Sites\planty\app\public\wp-content\themes\oceanwp-child\header.php on line 34
[15-Aug-2024 12:05:27 UTC] PHP Fatal error:  Uncaught Error: Call to a member function enqueue_styles() on null in C:\Users\doark.DESKTOP-6I1F2OC\Local Sites\planty\app\public\wp-content\plugins\header-footer-elementor\inc\class-header-footer-elementor.php:385
Stack trace:
#0 C:\Users\doark.DESKTOP-6I1F2OC\Local Sites\planty\app\public\wp-includes\class-wp-hook.php(324): Header_Footer_Elementor->enqueue_scripts('')
#1 C:\Users\doark.DESKTOP-6I1F2OC\Local Sites\planty\app\public\wp-includes\class-wp-hook.php(348): WP_Hook->apply_filters(NULL, Array)
#2 C:\Users\doark.DESKTOP-6I1F2OC\Local Sites\planty\app\public\wp-includes\plugin.php(517): WP_Hook->do_action(Array)
#3 C:\Users\doark.DESKTOP-6I1F2OC\Local Sites\planty\app\public\wp-includes\script-loader.php(2263): do_action('wp_enqueue_scri...')
#4 C:\Users\doark.DESKTOP-6I1F2OC\Local Sites\planty\app\public\wp-includes\class-wp-customize-manager.php(462): wp_enqueue_scripts()
#5 C:\Users\doark.DESKTOP-6I1F2OC\Local Sites\planty\app\public\wp-includes\class-wp-customize-manager.php(561): WP_Customize_Manager->wp_die(0, 'Non-existent ch...')
#6 C:\Users\doark.DESKTOP-6I1F2OC\Local Sites\planty\app\public\wp-includes\class-wp-hook.php(324): WP_Customize_Manager->setup_theme('')
#7 C:\Users\doark.DESKTOP-6I1F2OC\Local Sites\planty\app\public\wp-includes\class-wp-hook.php(348): WP_Hook->apply_filters(NULL, Array)
#8 C:\Users\doark.DESKTOP-6I1F2OC\Local Sites\planty\app\public\wp-includes\plugin.php(517): WP_Hook->do_action(Array)
#9 C:\Users\doark.DESKTOP-6I1F2OC\Local Sites\planty\app\public\wp-settings.php(630): do_action('setup_theme')
#10 C:\Users\doark.DESKTOP-6I1F2OC\Local Sites\planty\app\public\wp-config.php(103): require_once('C:\\Users\\doark....')
#11 C:\Users\doark.DESKTOP-6I1F2OC\Local Sites\planty\app\public\wp-load.php(50): require_once('C:\\Users\\doark....')
#12 C:\Users\doark.DESKTOP-6I1F2OC\Local Sites\planty\app\public\wp-blog-header.php(13): require_once('C:\\Users\\doark....')
#13 C:\Users\doark.DESKTOP-6I1F2OC\Local Sites\planty\app\public\index.php(17): require('C:\\Users\\doark....')
#14 {main}
  thrown in C:\Users\doark.DESKTOP-6I1F2OC\Local Sites\planty\app\public\wp-content\plugins\header-footer-elementor\inc\class-header-footer-elementor.php on line 385
[16-Aug-2024 08:08:38 UTC] PHP Fatal error:  Uncaught Error: Call to a member function enqueue_styles() on null in C:\Users\doark.DESKTOP-6I1F2OC\Local Sites\planty\app\public\wp-content\plugins\header-footer-elementor\inc\class-header-footer-elementor.php:385
Stack trace:
#0 C:\Users\doark.DESKTOP-6I1F2OC\Local Sites\planty\app\public\wp-includes\class-wp-hook.php(324): Header_Footer_Elementor->enqueue_scripts('')
#1 C:\Users\doark.DESKTOP-6I1F2OC\Local Sites\planty\app\public\wp-includes\class-wp-hook.php(348): WP_Hook->apply_filters(NULL, Array)
#2 C:\Users\doark.DESKTOP-6I1F2OC\Local Sites\planty\app\public\wp-includes\plugin.php(517): WP_Hook->do_action(Array)
#3 C:\Users\doark.DESKTOP-6I1F2OC\Local Sites\planty\app\public\wp-includes\script-loader.php(2263): do_action('wp_enqueue_scri...')
#4 C:\Users\doark.DESKTOP-6I1F2OC\Local Sites\planty\app\public\wp-includes\class-wp-customize-manager.php(462): wp_enqueue_scripts()
#5 C:\Users\doark.DESKTOP-6I1F2OC\Local Sites\planty\app\public\wp-includes\class-wp-customize-manager.php(561): WP_Customize_Manager->wp_die(0, 'Non-existent ch...')
#6 C:\Users\doark.DESKTOP-6I1F2OC\Local Sites\planty\app\public\wp-includes\class-wp-hook.php(324): WP_Customize_Manager->setup_theme('')
#7 C:\Users\doark.DESKTOP-6I1F2OC\Local Sites\planty\app\public\wp-includes\class-wp-hook.php(348): WP_Hook->apply_filters(NULL, Array)
#8 C:\Users\doark.DESKTOP-6I1F2OC\Local Sites\planty\app\public\wp-includes\plugin.php(517): WP_Hook->do_action(Array)
#9 C:\Users\doark.DESKTOP-6I1F2OC\Local Sites\planty\app\public\wp-settings.php(630): do_action('setup_theme')
#10 C:\Users\doark.DESKTOP-6I1F2OC\Local Sites\planty\app\public\wp-config.php(103): require_once('C:\\Users\\doark....')
#11 C:\Users\doark.DESKTOP-6I1F2OC\Local Sites\planty\app\public\wp-load.php(50): require_once('C:\\Users\\doark....')
#12 C:\Users\doark.DESKTOP-6I1F2OC\Local Sites\planty\app\public\wp-blog-header.php(13): require_once('C:\\Users\\doark....')
#13 C:\Users\doark.DESKTOP-6I1F2OC\Local Sites\planty\app\public\index.php(17): require('C:\\Users\\doark....')
#14 {main}
  thrown in C:\Users\doark.DESKTOP-6I1F2OC\Local Sites\planty\app\public\wp-content\plugins\header-footer-elementor\inc\class-header-footer-elementor.php on line 385
[05-Sep-2024 18:42:21 UTC] PHP Fatal error:  Uncaught Error: Call to a member function enqueue_styles() on null in C:\Users\doark.DESKTOP-6I1F2OC\Local Sites\planty\app\public\wp-content\plugins\header-footer-elementor\inc\class-header-footer-elementor.php:396
Stack trace:
#0 C:\Users\doark.DESKTOP-6I1F2OC\Local Sites\planty\app\public\wp-includes\class-wp-hook.php(324): Header_Footer_Elementor->enqueue_scripts('')
#1 C:\Users\doark.DESKTOP-6I1F2OC\Local Sites\planty\app\public\wp-includes\class-wp-hook.php(348): WP_Hook->apply_filters(NULL, Array)
#2 C:\Users\doark.DESKTOP-6I1F2OC\Local Sites\planty\app\public\wp-includes\plugin.php(517): WP_Hook->do_action(Array)
#3 C:\Users\doark.DESKTOP-6I1F2OC\Local Sites\planty\app\public\wp-includes\script-loader.php(2263): do_action('wp_enqueue_scri...')
#4 C:\Users\doark.DESKTOP-6I1F2OC\Local Sites\planty\app\public\wp-includes\class-wp-customize-manager.php(462): wp_enqueue_scripts()
#5 C:\Users\doark.DESKTOP-6I1F2OC\Local Sites\planty\app\public\wp-includes\class-wp-customize-manager.php(561): WP_Customize_Manager->wp_die(0, 'Non-existent ch...')
#6 C:\Users\doark.DESKTOP-6I1F2OC\Local Sites\planty\app\public\wp-includes\class-wp-hook.php(324): WP_Customize_Manager->setup_theme('')
#7 C:\Users\doark.DESKTOP-6I1F2OC\Local Sites\planty\app\public\wp-includes\class-wp-hook.php(348): WP_Hook->apply_filters(NULL, Array)
#8 C:\Users\doark.DESKTOP-6I1F2OC\Local Sites\planty\app\public\wp-includes\plugin.php(517): WP_Hook->do_action(Array)
#9 C:\Users\doark.DESKTOP-6I1F2OC\Local Sites\planty\app\public\wp-settings.php(630): do_action('setup_theme')
#10 C:\Users\doark.DESKTOP-6I1F2OC\Local Sites\planty\app\public\wp-config.php(103): require_once('C:\\Users\\doark....')
#11 C:\Users\doark.DESKTOP-6I1F2OC\Local Sites\planty\app\public\wp-load.php(50): require_once('C:\\Users\\doark....')
#12 C:\Users\doark.DESKTOP-6I1F2OC\Local Sites\planty\app\public\wp-blog-header.php(13): require_once('C:\\Users\\doark....')
#13 C:\Users\doark.DESKTOP-6I1F2OC\Local Sites\planty\app\public\index.php(17): require('C:\\Users\\doark....')
#14 {main}
  thrown in C:\Users\doark.DESKTOP-6I1F2OC\Local Sites\planty\app\public\wp-content\plugins\header-footer-elementor\inc\class-header-footer-elementor.php on line 396
